<?xml version="1.0" encoding="UTF-8"?>
<!-- Generated by org.testng.reporters.JUnitXMLReporter -->
<testsuite hostname="my" name="RunCukes" tests="2" failures="1" timestamp="28 Jun 2016 21:31:34 GMT" time="664.024" errors="0">
  <testcase name="feature" time="2.768" classname="org.wissenteil.bdt.selenium.cukeproject.test.RunCucumberTests"/>
  <testcase name="feature" time="658.572" classname="org.wissenteil.bdt.selenium.cukeproject.test.RunCucumberTests">
    <failure type="cucumber.runtime.CucumberException" message="java.lang.AssertionError: expected:&amp;lt;Password is too short (minimum is 6 characters)&amp;gt; but was:&amp;lt;Password can&amp;apos;t be blank&amp;gt;">
      <![CDATA[cucumber.runtime.CucumberException: java.lang.AssertionError: expected:<Password is too short (minimum is 6 characters)> but was:<Password can't be blank>
	at cucumber.api.testng.TestNGCucumberRunner.runCucumber(TestNGCucumberRunner.java:69)
	at cucumber.api.testng.AbstractTestNGCucumberTests.feature(AbstractTestNGCucumberTests.java:21)
	at sun.reflect.NativeMethodAccessorImpl.invoke0(Native Method)
	at sun.reflect.NativeMethodAccessorImpl.invoke(NativeMethodAccessorImpl.java:62)
	at sun.reflect.DelegatingMethodAccessorImpl.invoke(DelegatingMethodAccessorImpl.java:43)
	at java.lang.reflect.Method.invoke(Method.java:497)
	at org.testng.internal.MethodInvocationHelper.invokeMethod(MethodInvocationHelper.java:84)
	at org.testng.internal.Invoker.invokeMethod(Invoker.java:714)
	at org.testng.internal.Invoker.invokeTestMethod(Invoker.java:901)
	at org.testng.internal.Invoker.invokeTestMethods(Invoker.java:1231)
	at org.testng.internal.TestMethodWorker.invokeTestMethods(TestMethodWorker.java:127)
	at org.testng.internal.TestMethodWorker.run(TestMethodWorker.java:111)
	at org.testng.TestRunner.privateRun(TestRunner.java:767)
	at org.testng.TestRunner.run(TestRunner.java:617)
	at org.testng.SuiteRunner.runTest(SuiteRunner.java:334)
	at org.testng.SuiteRunner.runSequentially(SuiteRunner.java:329)
	at org.testng.SuiteRunner.privateRun(SuiteRunner.java:291)
	at org.testng.SuiteRunner.run(SuiteRunner.java:240)
	at org.testng.SuiteRunnerWorker.runSuite(SuiteRunnerWorker.java:52)
	at org.testng.SuiteRunnerWorker.run(SuiteRunnerWorker.java:86)
	at org.testng.TestNG.runSuitesSequentially(TestNG.java:1224)
	at org.testng.TestNG.runSuitesLocally(TestNG.java:1149)
	at org.testng.TestNG.run(TestNG.java:1057)
	at org.testng.remote.AbstractRemoteTestNG.run(AbstractRemoteTestNG.java:126)
	at org.testng.remote.RemoteTestNG.initAndRun(RemoteTestNG.java:137)
	at org.testng.remote.RemoteTestNG.main(RemoteTestNG.java:58)
Caused by: java.lang.AssertionError: expected:<Password is too short (minimum is 6 characters)> but was:<Password can't be blank>
	at org.testng.AssertJUnit.assertEquals(AssertJUnit.java:101)
	at org.testng.AssertJUnit.assertEquals(AssertJUnit.java:108)
	at org.wissenteil.bdt.selenium.cukeproject.stepDefinition.TestSteps.isAlertTextPresent(TestSteps.java:94)
	at ✽.Then I will see the alert saying: Password is too short (minimum is 6 characters), on signup page(TestSignup.feature:17)
]]>
    </failure>
  </testcase> <!-- feature -->
</testsuite> <!-- RunCukes -->
