<?xml version="1.0" encoding="UTF-8"?>
<testng-results skipped="0" failed="1" total="2" passed="1">
  <reporter-output>
  </reporter-output>
  <suite name="TestNG" duration-ms="664024" started-at="2016-06-28T21:20:30Z" finished-at="2016-06-28T21:31:34Z">
    <groups>
      <group name="cucumber">
        <method signature="AbstractTestNGCucumberTests.feature(cucumber.api.testng.CucumberFeatureWrapper)[pri:0, instance:org.wissenteil.bdt.selenium.cukeproject.test.RunCucumberTests@63355449]" name="feature" class="cucumber.api.testng.AbstractTestNGCucumberTests"/>
      </group> <!-- cucumber -->
    </groups>
    <test name="RunCukes" duration-ms="664024" started-at="2016-06-28T21:20:30Z" finished-at="2016-06-28T21:31:34Z">
      <class name="org.wissenteil.bdt.selenium.cukeproject.test.RunCucumberTests">
        <test-method status="PASS" signature="setUpClass()[pri:0, instance:org.wissenteil.bdt.selenium.cukeproject.test.RunCucumberTests@63355449]" name="setUpClass" is-config="true" duration-ms="252" started-at="2016-06-28T23:20:30Z" finished-at="2016-06-28T23:20:30Z">
          <reporter-output>
          </reporter-output>
        </test-method> <!-- setUpClass -->
        <test-method status="PASS" signature="setup()[pri:0, instance:org.wissenteil.bdt.selenium.cukeproject.test.RunCucumberTests@63355449]" name="setup" is-config="true" duration-ms="2272" started-at="2016-06-28T23:20:30Z" finished-at="2016-06-28T23:20:33Z">
          <reporter-output>
          </reporter-output>
        </test-method> <!-- setup -->
        <test-method status="PASS" signature="feature(cucumber.api.testng.CucumberFeatureWrapper)[pri:0, instance:org.wissenteil.bdt.selenium.cukeproject.test.RunCucumberTests@63355449]" name="feature" duration-ms="2768" started-at="2016-06-28T23:20:33Z" description="Runs Cucumber Feature" data-provider="features" finished-at="2016-06-28T23:20:35Z">
          <params>
            <param index="0">
              <value>
                <![CDATA[Test login]]>
              </value>
            </param>
          </params>
          <reporter-output>
          </reporter-output>
        </test-method> <!-- feature -->
        <test-method status="FAIL" signature="feature(cucumber.api.testng.CucumberFeatureWrapper)[pri:0, instance:org.wissenteil.bdt.selenium.cukeproject.test.RunCucumberTests@63355449]" name="feature" duration-ms="658572" started-at="2016-06-28T23:20:35Z" description="Runs Cucumber Feature" data-provider="features" finished-at="2016-06-28T23:31:34Z">
          <params>
            <param index="0">
              <value>
                <![CDATA[Test Signup process failure]]>
              </value>
            </param>
          </params>
          <exception class="cucumber.runtime.CucumberException">
            <message>
              <![CDATA[java.lang.AssertionError: expected:<Password is too short (minimum is 6 characters)> but was:<Password can't be blank>]]>
            </message>
            <full-stacktrace>
              <![CDATA[cucumber.runtime.CucumberException: java.lang.AssertionError: expected:<Password is too short (minimum is 6 characters)> but was:<Password can't be blank>
	at cucumber.api.testng.TestNGCucumberRunner.runCucumber(TestNGCucumberRunner.java:69)
	at cucumber.api.testng.AbstractTestNGCucumberTests.feature(AbstractTestNGCucumberTests.java:21)
	at sun.reflect.NativeMethodAccessorImpl.invoke0(Native Method)
	at sun.reflect.NativeMethodAccessorImpl.invoke(NativeMethodAccessorImpl.java:62)
	at sun.reflect.DelegatingMethodAccessorImpl.invoke(DelegatingMethodAccessorImpl.java:43)
	at java.lang.reflect.Method.invoke(Method.java:497)
	at org.testng.internal.MethodInvocationHelper.invokeMethod(MethodInvocationHelper.java:84)
	at org.testng.internal.Invoker.invokeMethod(Invoker.java:714)
	at org.testng.internal.Invoker.invokeTestMethod(Invoker.java:901)
	at org.testng.internal.Invoker.invokeTestMethods(Invoker.java:1231)
	at org.testng.internal.TestMethodWorker.invokeTestMethods(TestMethodWorker.java:127)
	at org.testng.internal.TestMethodWorker.run(TestMethodWorker.java:111)
	at org.testng.TestRunner.privateRun(TestRunner.java:767)
	at org.testng.TestRunner.run(TestRunner.java:617)
	at org.testng.SuiteRunner.runTest(SuiteRunner.java:334)
	at org.testng.SuiteRunner.runSequentially(SuiteRunner.java:329)
	at org.testng.SuiteRunner.privateRun(SuiteRunner.java:291)
	at org.testng.SuiteRunner.run(SuiteRunner.java:240)
	at org.testng.SuiteRunnerWorker.runSuite(SuiteRunnerWorker.java:52)
	at org.testng.SuiteRunnerWorker.run(SuiteRunnerWorker.java:86)
	at org.testng.TestNG.runSuitesSequentially(TestNG.java:1224)
	at org.testng.TestNG.runSuitesLocally(TestNG.java:1149)
	at org.testng.TestNG.run(TestNG.java:1057)
	at org.testng.remote.AbstractRemoteTestNG.run(AbstractRemoteTestNG.java:126)
	at org.testng.remote.RemoteTestNG.initAndRun(RemoteTestNG.java:137)
	at org.testng.remote.RemoteTestNG.main(RemoteTestNG.java:58)
Caused by: java.lang.AssertionError: expected:<Password is too short (minimum is 6 characters)> but was:<Password can't be blank>
	at org.testng.AssertJUnit.assertEquals(AssertJUnit.java:101)
	at org.testng.AssertJUnit.assertEquals(AssertJUnit.java:108)
	at org.wissenteil.bdt.selenium.cukeproject.stepDefinition.TestSteps.isAlertTextPresent(TestSteps.java:94)
	at ✽.Then I will see the alert saying: Password is too short (minimum is 6 characters), on signup page(TestSignup.feature:17)
]]>
            </full-stacktrace>
          </exception> <!-- cucumber.runtime.CucumberException -->
          <reporter-output>
          </reporter-output>
        </test-method> <!-- feature -->
        <test-method status="PASS" signature="tearDown()[pri:0, instance:org.wissenteil.bdt.selenium.cukeproject.test.RunCucumberTests@63355449]" name="tearDown" is-config="true" duration-ms="7" started-at="2016-06-28T23:31:34Z" finished-at="2016-06-28T23:31:34Z">
          <reporter-output>
          </reporter-output>
        </test-method> <!-- tearDown -->
        <test-method status="PASS" signature="tearDownClass()[pri:0, instance:org.wissenteil.bdt.selenium.cukeproject.test.RunCucumberTests@63355449]" name="tearDownClass" is-config="true" duration-ms="24" started-at="2016-06-28T23:31:34Z" finished-at="2016-06-28T23:31:34Z">
          <reporter-output>
          </reporter-output>
        </test-method> <!-- tearDownClass -->
      </class> <!-- org.wissenteil.bdt.selenium.cukeproject.test.RunCucumberTests -->
    </test> <!-- RunCukes -->
  </suite> <!-- TestNG -->
</testng-results>
